nohup: ignoring input
[info] Running in unified mode (single model: 20D obs -> 9D act)
[info] reserving '20251117_062445_synced' as evaluation trajectory
[info] training behavior cloning baseline ...
[bc] epoch 0001/50 - loss 0.220802
[bc] epoch 0025/50 - loss 0.015241
[bc] epoch 0050/50 - loss 0.013364
[bc] rmse=75.8454 mae=57.2585 r2=-89.4470
[done] summary saved to /home/songwoo/ros2_ws/icra2025/src/hri_falcon_robot_bridge/outputs/models/stiffness_policies/loto_cv_unified/fold_00_20251117_062445_synced/benchmark_summary_20251117_175534.json
[done] artifacts stored in /home/songwoo/ros2_ws/icra2025/src/hri_falcon_robot_bridge/outputs/models/stiffness_policies/loto_cv_unified/fold_00_20251117_062445_synced/artifacts/20251117_175534
[info] Running in unified mode (single model: 20D obs -> 9D act)
[info] reserving '20251117_063016_synced' as evaluation trajectory
[info] training behavior cloning baseline ...
[bc] epoch 0001/50 - loss 0.224528
[bc] epoch 0025/50 - loss 0.015064
[bc] epoch 0050/50 - loss 0.012850
[bc] rmse=88.2501 mae=67.5803 r2=-13.9635
[done] summary saved to /home/songwoo/ros2_ws/icra2025/src/hri_falcon_robot_bridge/outputs/models/stiffness_policies/loto_cv_unified/fold_01_20251117_063016_synced/benchmark_summary_20251117_175554.json
[done] artifacts stored in /home/songwoo/ros2_ws/icra2025/src/hri_falcon_robot_bridge/outputs/models/stiffness_policies/loto_cv_unified/fold_01_20251117_063016_synced/artifacts/20251117_175554
[info] Running in unified mode (single model: 20D obs -> 9D act)
[info] reserving '20251117_063455_synced' as evaluation trajectory
[info] training behavior cloning baseline ...
[bc] epoch 0001/50 - loss 0.226690
[bc] epoch 0025/50 - loss 0.014619
[bc] epoch 0050/50 - loss 0.012501
[bc] rmse=132.8530 mae=90.0596 r2=-44.5159
[done] summary saved to /home/songwoo/ros2_ws/icra2025/src/hri_falcon_robot_bridge/outputs/models/stiffness_policies/loto_cv_unified/fold_02_20251117_063455_synced/benchmark_summary_20251117_175618.json
[done] artifacts stored in /home/songwoo/ros2_ws/icra2025/src/hri_falcon_robot_bridge/outputs/models/stiffness_policies/loto_cv_unified/fold_02_20251117_063455_synced/artifacts/20251117_175618
[info] Running in unified mode (single model: 20D obs -> 9D act)
[info] reserving '20251117_063607_synced' as evaluation trajectory
[info] training behavior cloning baseline ...
[bc] epoch 0001/50 - loss 0.218922
[bc] epoch 0025/50 - loss 0.015153
[bc] epoch 0050/50 - loss 0.013026
[bc] rmse=150.4950 mae=121.3081 r2=-15.9029
[done] summary saved to /home/songwoo/ros2_ws/icra2025/src/hri_falcon_robot_bridge/outputs/models/stiffness_policies/loto_cv_unified/fold_03_20251117_063607_synced/benchmark_summary_20251117_175640.json
[done] artifacts stored in /home/songwoo/ros2_ws/icra2025/src/hri_falcon_robot_bridge/outputs/models/stiffness_policies/loto_cv_unified/fold_03_20251117_063607_synced/artifacts/20251117_175640
[info] Running in unified mode (single model: 20D obs -> 9D act)
[info] reserving '20251117_063703_synced' as evaluation trajectory
[info] training behavior cloning baseline ...
[bc] epoch 0001/50 - loss 0.237145
[bc] epoch 0025/50 - loss 0.019021
[bc] epoch 0050/50 - loss 0.015717
[bc] rmse=125.2691 mae=94.2092 r2=-1.8408
[done] summary saved to /home/songwoo/ros2_ws/icra2025/src/hri_falcon_robot_bridge/outputs/models/stiffness_policies/loto_cv_unified/fold_04_20251117_063703_synced/benchmark_summary_20251117_175702.json
[done] artifacts stored in /home/songwoo/ros2_ws/icra2025/src/hri_falcon_robot_bridge/outputs/models/stiffness_policies/loto_cv_unified/fold_04_20251117_063703_synced/artifacts/20251117_175702
[info] Running in unified mode (single model: 20D obs -> 9D act)
[info] reserving '20251117_063815_synced' as evaluation trajectory
[info] training behavior cloning baseline ...
[bc] epoch 0001/50 - loss 0.216084
[bc] epoch 0025/50 - loss 0.016063
[bc] epoch 0050/50 - loss 0.013448
[bc] rmse=143.0732 mae=111.1297 r2=-6.0975
[done] summary saved to /home/songwoo/ros2_ws/icra2025/src/hri_falcon_robot_bridge/outputs/models/stiffness_policies/loto_cv_unified/fold_05_20251117_063815_synced/benchmark_summary_20251117_175724.json
[done] artifacts stored in /home/songwoo/ros2_ws/icra2025/src/hri_falcon_robot_bridge/outputs/models/stiffness_policies/loto_cv_unified/fold_05_20251117_063815_synced/artifacts/20251117_175724
[info] Running in unified mode (single model: 20D obs -> 9D act)
[info] reserving '20251117_063853_synced' as evaluation trajectory
[info] training behavior cloning baseline ...
[bc] epoch 0001/50 - loss 0.212997
[bc] epoch 0025/50 - loss 0.014977
[bc] epoch 0050/50 - loss 0.013104
[bc] rmse=75.2361 mae=56.3918 r2=-7.7172
[done] summary saved to /home/songwoo/ros2_ws/icra2025/src/hri_falcon_robot_bridge/outputs/models/stiffness_policies/loto_cv_unified/fold_06_20251117_063853_synced/benchmark_summary_20251117_175743.json
[done] artifacts stored in /home/songwoo/ros2_ws/icra2025/src/hri_falcon_robot_bridge/outputs/models/stiffness_policies/loto_cv_unified/fold_06_20251117_063853_synced/artifacts/20251117_175743
[info] Running in unified mode (single model: 20D obs -> 9D act)
[info] reserving '20251117_063937_synced' as evaluation trajectory
[info] training behavior cloning baseline ...
[bc] epoch 0001/50 - loss 0.215095
[bc] epoch 0025/50 - loss 0.014729
[bc] epoch 0050/50 - loss 0.012547
[bc] rmse=73.0620 mae=58.0539 r2=-14.5878
[done] summary saved to /home/songwoo/ros2_ws/icra2025/src/hri_falcon_robot_bridge/outputs/models/stiffness_policies/loto_cv_unified/fold_07_20251117_063937_synced/benchmark_summary_20251117_175802.json
[done] artifacts stored in /home/songwoo/ros2_ws/icra2025/src/hri_falcon_robot_bridge/outputs/models/stiffness_policies/loto_cv_unified/fold_07_20251117_063937_synced/artifacts/20251117_175802
[info] Running in unified mode (single model: 20D obs -> 9D act)
[info] reserving '20251117_064008_synced' as evaluation trajectory
[info] training behavior cloning baseline ...
[bc] epoch 0001/50 - loss 0.214114
[bc] epoch 0025/50 - loss 0.014370
[bc] epoch 0050/50 - loss 0.012184
[bc] rmse=80.2028 mae=66.1740 r2=-11.0737
[done] summary saved to /home/songwoo/ros2_ws/icra2025/src/hri_falcon_robot_bridge/outputs/models/stiffness_policies/loto_cv_unified/fold_08_20251117_064008_synced/benchmark_summary_20251117_175823.json
[done] artifacts stored in /home/songwoo/ros2_ws/icra2025/src/hri_falcon_robot_bridge/outputs/models/stiffness_policies/loto_cv_unified/fold_08_20251117_064008_synced/artifacts/20251117_175823
[info] Running in unified mode (single model: 20D obs -> 9D act)
[info] reserving '20251117_064041_synced' as evaluation trajectory
[info] training behavior cloning baseline ...
[bc] epoch 0001/50 - loss 0.211383
[bc] epoch 0025/50 - loss 0.015117
[bc] epoch 0050/50 - loss 0.012928
[bc] rmse=84.0303 mae=62.8926 r2=-58.9776
[done] summary saved to /home/songwoo/ros2_ws/icra2025/src/hri_falcon_robot_bridge/outputs/models/stiffness_policies/loto_cv_unified/fold_09_20251117_064041_synced/benchmark_summary_20251117_175844.json
[done] artifacts stored in /home/songwoo/ros2_ws/icra2025/src/hri_falcon_robot_bridge/outputs/models/stiffness_policies/loto_cv_unified/fold_09_20251117_064041_synced/artifacts/20251117_175844
[info] running LOTO-CV with 15 folds
  demos: 20251117_062445_synced, 20251117_063016_synced, 20251117_063455_synced, 20251117_063607_synced, 20251117_063703_synced, 20251117_063815_synced, 20251117_063853_synced, 20251117_063937_synced, 20251117_064008_synced, 20251117_064041_synced, 20251117_064128_synced, 20251117_064228_synced, 20251117_064329_synced, 20251117_064417_synced, 20251117_064519_synced
  models: bc
  output: /home/songwoo/ros2_ws/icra2025/src/hri_falcon_robot_bridge/outputs/models/stiffness_policies/loto_cv_unified

[LOTO-CV 1/15] Evaluating 20251117_062445_synced
  command: /usr/bin/python3 /home/songwoo/ros2_ws/icra2025/src/hri_falcon_robot_bridge/scripts/3_model_learning/run_stiffness_policy_benchmarks.py --eval-demo 20251117_062445_synced --mode unified --models bc --log-dir /home/songwoo/ros2_ws/icra2025/src/hri_falcon_robot_bridge/outputs/logs/success --stiffness-dir /home/songwoo/ros2_ws/icra2025/src/hri_falcon_robot_bridge/outputs/analysis/stiffness_profiles --output-dir /home/songwoo/ros2_ws/icra2025/src/hri_falcon_robot_bridge/outputs/models/stiffness_policies/loto_cv_unified/fold_00_20251117_062445_synced --stride 1 --sequence-window 1 --seed 0 --gmm-components 3 --gmm-covariance diag --gmm-samples 16 --bc-epochs 50 --no-tensorboard

[LOTO-CV 2/15] Evaluating 20251117_063016_synced
  command: /usr/bin/python3 /home/songwoo/ros2_ws/icra2025/src/hri_falcon_robot_bridge/scripts/3_model_learning/run_stiffness_policy_benchmarks.py --eval-demo 20251117_063016_synced --mode unified --models bc --log-dir /home/songwoo/ros2_ws/icra2025/src/hri_falcon_robot_bridge/outputs/logs/success --stiffness-dir /home/songwoo/ros2_ws/icra2025/src/hri_falcon_robot_bridge/outputs/analysis/stiffness_profiles --output-dir /home/songwoo/ros2_ws/icra2025/src/hri_falcon_robot_bridge/outputs/models/stiffness_policies/loto_cv_unified/fold_01_20251117_063016_synced --stride 1 --sequence-window 1 --seed 0 --gmm-components 3 --gmm-covariance diag --gmm-samples 16 --bc-epochs 50 --no-tensorboard

[LOTO-CV 3/15] Evaluating 20251117_063455_synced
  command: /usr/bin/python3 /home/songwoo/ros2_ws/icra2025/src/hri_falcon_robot_bridge/scripts/3_model_learning/run_stiffness_policy_benchmarks.py --eval-demo 20251117_063455_synced --mode unified --models bc --log-dir /home/songwoo/ros2_ws/icra2025/src/hri_falcon_robot_bridge/outputs/logs/success --stiffness-dir /home/songwoo/ros2_ws/icra2025/src/hri_falcon_robot_bridge/outputs/analysis/stiffness_profiles --output-dir /home/songwoo/ros2_ws/icra2025/src/hri_falcon_robot_bridge/outputs/models/stiffness_policies/loto_cv_unified/fold_02_20251117_063455_synced --stride 1 --sequence-window 1 --seed 0 --gmm-components 3 --gmm-covariance diag --gmm-samples 16 --bc-epochs 50 --no-tensorboard

[LOTO-CV 4/15] Evaluating 20251117_063607_synced
  command: /usr/bin/python3 /home/songwoo/ros2_ws/icra2025/src/hri_falcon_robot_bridge/scripts/3_model_learning/run_stiffness_policy_benchmarks.py --eval-demo 20251117_063607_synced --mode unified --models bc --log-dir /home/songwoo/ros2_ws/icra2025/src/hri_falcon_robot_bridge/outputs/logs/success --stiffness-dir /home/songwoo/ros2_ws/icra2025/src/hri_falcon_robot_bridge/outputs/analysis/stiffness_profiles --output-dir /home/songwoo/ros2_ws/icra2025/src/hri_falcon_robot_bridge/outputs/models/stiffness_policies/loto_cv_unified/fold_03_20251117_063607_synced --stride 1 --sequence-window 1 --seed 0 --gmm-components 3 --gmm-covariance diag --gmm-samples 16 --bc-epochs 50 --no-tensorboard

[LOTO-CV 5/15] Evaluating 20251117_063703_synced
  command: /usr/bin/python3 /home/songwoo/ros2_ws/icra2025/src/hri_falcon_robot_bridge/scripts/3_model_learning/run_stiffness_policy_benchmarks.py --eval-demo 20251117_063703_synced --mode unified --models bc --log-dir /home/songwoo/ros2_ws/icra2025/src/hri_falcon_robot_bridge/outputs/logs/success --stiffness-dir /home/songwoo/ros2_ws/icra2025/src/hri_falcon_robot_bridge/outputs/analysis/stiffness_profiles --output-dir /home/songwoo/ros2_ws/icra2025/src/hri_falcon_robot_bridge/outputs/models/stiffness_policies/loto_cv_unified/fold_04_20251117_063703_synced --stride 1 --sequence-window 1 --seed 0 --gmm-components 3 --gmm-covariance diag --gmm-samples 16 --bc-epochs 50 --no-tensorboard

[LOTO-CV 6/15] Evaluating 20251117_063815_synced
  command: /usr/bin/python3 /home/songwoo/ros2_ws/icra2025/src/hri_falcon_robot_bridge/scripts/3_model_learning/run_stiffness_policy_benchmarks.py --eval-demo 20251117_063815_synced --mode unified --models bc --log-dir /home/songwoo/ros2_ws/icra2025/src/hri_falcon_robot_bridge/outputs/logs/success --stiffness-dir /home/songwoo/ros2_ws/icra2025/src/hri_falcon_robot_bridge/outputs/analysis/stiffness_profiles --output-dir /home/songwoo/ros2_ws/icra2025/src/hri_falcon_robot_bridge/outputs/models/stiffness_policies/loto_cv_unified/fold_05_20251117_063815_synced --stride 1 --sequence-window 1 --seed 0 --gmm-components 3 --gmm-covariance diag --gmm-samples 16 --bc-epochs 50 --no-tensorboard

[LOTO-CV 7/15] Evaluating 20251117_063853_synced
  command: /usr/bin/python3 /home/songwoo/ros2_ws/icra2025/src/hri_falcon_robot_bridge/scripts/3_model_learning/run_stiffness_policy_benchmarks.py --eval-demo 20251117_063853_synced --mode unified --models bc --log-dir /home/songwoo/ros2_ws/icra2025/src/hri_falcon_robot_bridge/outputs/logs/success --stiffness-dir /home/songwoo/ros2_ws/icra2025/src/hri_falcon_robot_bridge/outputs/analysis/stiffness_profiles --output-dir /home/songwoo/ros2_ws/icra2025/src/hri_falcon_robot_bridge/outputs/models/stiffness_policies/loto_cv_unified/fold_06_20251117_063853_synced --stride 1 --sequence-window 1 --seed 0 --gmm-components 3 --gmm-covariance diag --gmm-samples 16 --bc-epochs 50 --no-tensorboard

[LOTO-CV 8/15] Evaluating 20251117_063937_synced
  command: /usr/bin/python3 /home/songwoo/ros2_ws/icra2025/src/hri_falcon_robot_bridge/scripts/3_model_learning/run_stiffness_policy_benchmarks.py --eval-demo 20251117_063937_synced --mode unified --models bc --log-dir /home/songwoo/ros2_ws/icra2025/src/hri_falcon_robot_bridge/outputs/logs/success --stiffness-dir /home/songwoo/ros2_ws/icra2025/src/hri_falcon_robot_bridge/outputs/analysis/stiffness_profiles --output-dir /home/songwoo/ros2_ws/icra2025/src/hri_falcon_robot_bridge/outputs/models/stiffness_policies/loto_cv_unified/fold_07_20251117_063937_synced --stride 1 --sequence-window 1 --seed 0 --gmm-components 3 --gmm-covariance diag --gmm-samples 16 --bc-epochs 50 --no-tensorboard

[LOTO-CV 9/15] Evaluating 20251117_064008_synced
  command: /usr/bin/python3 /home/songwoo/ros2_ws/icra2025/src/hri_falcon_robot_bridge/scripts/3_model_learning/run_stiffness_policy_benchmarks.py --eval-demo 20251117_064008_synced --mode unified --models bc --log-dir /home/songwoo/ros2_ws/icra2025/src/hri_falcon_robot_bridge/outputs/logs/success --stiffness-dir /home/songwoo/ros2_ws/icra2025/src/hri_falcon_robot_bridge/outputs/analysis/stiffness_profiles --output-dir /home/songwoo/ros2_ws/icra2025/src/hri_falcon_robot_bridge/outputs/models/stiffness_policies/loto_cv_unified/fold_08_20251117_064008_synced --stride 1 --sequence-window 1 --seed 0 --gmm-components 3 --gmm-covariance diag --gmm-samples 16 --bc-epochs 50 --no-tensorboard

[LOTO-CV 10/15] Evaluating 20251117_064041_synced
  command: /usr/bin/python3 /home/songwoo/ros2_ws/icra2025/src/hri_falcon_robot_bridge/scripts/3_model_learning/run_stiffness_policy_benchmarks.py --eval-demo 20251117_064041_synced --mode unified --models bc --log-dir /home/songwoo/ros2_ws/icra2025/src/hri_falcon_robot_bridge/outputs/logs/success --stiffness-dir /home/songwoo/ros2_ws/icra2025/src/hri_falcon_robot_bridge/outputs/analysis/stiffness_profiles --output-dir /home/songwoo/ros2_ws/icra2025/src/hri_falcon_robot_bridge/outputs/models/stiffness_policies/loto_cv_unified/fold_09_20251117_064041_synced --stride 1 --sequence-window 1 --seed 0 --gmm-components 3 --gmm-covariance diag --gmm-samples 16 --bc-epochs 50 --no-tensorboard

[LOTO-CV 11/15] Evaluating 20251117_064128_synced
[info] Running in unified mode (single model: 20D obs -> 9D act)
[info] reserving '20251117_064128_synced' as evaluation trajectory
[info] training behavior cloning baseline ...
[bc] epoch 0001/50 - loss 0.221721
[bc] epoch 0025/50 - loss 0.014553
[bc] epoch 0050/50 - loss 0.012337
[bc] rmse=92.4459 mae=73.0333 r2=-14.0331
[done] summary saved to /home/songwoo/ros2_ws/icra2025/src/hri_falcon_robot_bridge/outputs/models/stiffness_policies/loto_cv_unified/fold_10_20251117_064128_synced/benchmark_summary_20251117_175903.json
[done] artifacts stored in /home/songwoo/ros2_ws/icra2025/src/hri_falcon_robot_bridge/outputs/models/stiffness_policies/loto_cv_unified/fold_10_20251117_064128_synced/artifacts/20251117_175903
[info] Running in unified mode (single model: 20D obs -> 9D act)
[info] reserving '20251117_064228_synced' as evaluation trajectory
[info] training behavior cloning baseline ...
[bc] epoch 0001/50 - loss 0.212679
[bc] epoch 0025/50 - loss 0.014650
[bc] epoch 0050/50 - loss 0.012425
[bc] rmse=53.9802 mae=43.7120 r2=-47.5213
[done] summary saved to /home/songwoo/ros2_ws/icra2025/src/hri_falcon_robot_bridge/outputs/models/stiffness_policies/loto_cv_unified/fold_11_20251117_064228_synced/benchmark_summary_20251117_175921.json
[done] artifacts stored in /home/songwoo/ros2_ws/icra2025/src/hri_falcon_robot_bridge/outputs/models/stiffness_policies/loto_cv_unified/fold_11_20251117_064228_synced/artifacts/20251117_175921
[info] Running in unified mode (single model: 20D obs -> 9D act)
[info] reserving '20251117_064329_synced' as evaluation trajectory
[info] training behavior cloning baseline ...
[bc] epoch 0001/50 - loss 0.207707
[bc] epoch 0025/50 - loss 0.015075
[bc] epoch 0050/50 - loss 0.012918
[bc] rmse=115.4232 mae=89.2208 r2=-6.8560
[done] summary saved to /home/songwoo/ros2_ws/icra2025/src/hri_falcon_robot_bridge/outputs/models/stiffness_policies/loto_cv_unified/fold_12_20251117_064329_synced/benchmark_summary_20251117_175940.json
[done] artifacts stored in /home/songwoo/ros2_ws/icra2025/src/hri_falcon_robot_bridge/outputs/models/stiffness_policies/loto_cv_unified/fold_12_20251117_064329_synced/artifacts/20251117_175940
[info] Running in unified mode (single model: 20D obs -> 9D act)
[info] reserving '20251117_064417_synced' as evaluation trajectory
[info] training behavior cloning baseline ...
[bc] epoch 0001/50 - loss 0.220937
[bc] epoch 0025/50 - loss 0.014499
[bc] epoch 0050/50 - loss 0.012703
[bc] rmse=135.3859 mae=93.2834 r2=-11.4224
[done] summary saved to /home/songwoo/ros2_ws/icra2025/src/hri_falcon_robot_bridge/outputs/models/stiffness_policies/loto_cv_unified/fold_13_20251117_064417_synced/benchmark_summary_20251117_175959.json
[done] artifacts stored in /home/songwoo/ros2_ws/icra2025/src/hri_falcon_robot_bridge/outputs/models/stiffness_policies/loto_cv_unified/fold_13_20251117_064417_synced/artifacts/20251117_175959
[info] Running in unified mode (single model: 20D obs -> 9D act)
[info] reserving '20251117_064519_synced' as evaluation trajectory
[info] training behavior cloning baseline ...
[bc] epoch 0001/50 - loss 0.208790
[bc] epoch 0025/50 - loss 0.015657
[bc] epoch 0050/50 - loss 0.013604
[bc] rmse=96.4915 mae=70.7527 r2=-14.3429
[done] summary saved to /home/songwoo/ros2_ws/icra2025/src/hri_falcon_robot_bridge/outputs/models/stiffness_policies/loto_cv_unified/fold_14_20251117_064519_synced/benchmark_summary_20251117_180017.json
[done] artifacts stored in /home/songwoo/ros2_ws/icra2025/src/hri_falcon_robot_bridge/outputs/models/stiffness_policies/loto_cv_unified/fold_14_20251117_064519_synced/artifacts/20251117_180017
  command: /usr/bin/python3 /home/songwoo/ros2_ws/icra2025/src/hri_falcon_robot_bridge/scripts/3_model_learning/run_stiffness_policy_benchmarks.py --eval-demo 20251117_064128_synced --mode unified --models bc --log-dir /home/songwoo/ros2_ws/icra2025/src/hri_falcon_robot_bridge/outputs/logs/success --stiffness-dir /home/songwoo/ros2_ws/icra2025/src/hri_falcon_robot_bridge/outputs/analysis/stiffness_profiles --output-dir /home/songwoo/ros2_ws/icra2025/src/hri_falcon_robot_bridge/outputs/models/stiffness_policies/loto_cv_unified/fold_10_20251117_064128_synced --stride 1 --sequence-window 1 --seed 0 --gmm-components 3 --gmm-covariance diag --gmm-samples 16 --bc-epochs 50 --no-tensorboard

[LOTO-CV 12/15] Evaluating 20251117_064228_synced
  command: /usr/bin/python3 /home/songwoo/ros2_ws/icra2025/src/hri_falcon_robot_bridge/scripts/3_model_learning/run_stiffness_policy_benchmarks.py --eval-demo 20251117_064228_synced --mode unified --models bc --log-dir /home/songwoo/ros2_ws/icra2025/src/hri_falcon_robot_bridge/outputs/logs/success --stiffness-dir /home/songwoo/ros2_ws/icra2025/src/hri_falcon_robot_bridge/outputs/analysis/stiffness_profiles --output-dir /home/songwoo/ros2_ws/icra2025/src/hri_falcon_robot_bridge/outputs/models/stiffness_policies/loto_cv_unified/fold_11_20251117_064228_synced --stride 1 --sequence-window 1 --seed 0 --gmm-components 3 --gmm-covariance diag --gmm-samples 16 --bc-epochs 50 --no-tensorboard

[LOTO-CV 13/15] Evaluating 20251117_064329_synced
  command: /usr/bin/python3 /home/songwoo/ros2_ws/icra2025/src/hri_falcon_robot_bridge/scripts/3_model_learning/run_stiffness_policy_benchmarks.py --eval-demo 20251117_064329_synced --mode unified --models bc --log-dir /home/songwoo/ros2_ws/icra2025/src/hri_falcon_robot_bridge/outputs/logs/success --stiffness-dir /home/songwoo/ros2_ws/icra2025/src/hri_falcon_robot_bridge/outputs/analysis/stiffness_profiles --output-dir /home/songwoo/ros2_ws/icra2025/src/hri_falcon_robot_bridge/outputs/models/stiffness_policies/loto_cv_unified/fold_12_20251117_064329_synced --stride 1 --sequence-window 1 --seed 0 --gmm-components 3 --gmm-covariance diag --gmm-samples 16 --bc-epochs 50 --no-tensorboard

[LOTO-CV 14/15] Evaluating 20251117_064417_synced
  command: /usr/bin/python3 /home/songwoo/ros2_ws/icra2025/src/hri_falcon_robot_bridge/scripts/3_model_learning/run_stiffness_policy_benchmarks.py --eval-demo 20251117_064417_synced --mode unified --models bc --log-dir /home/songwoo/ros2_ws/icra2025/src/hri_falcon_robot_bridge/outputs/logs/success --stiffness-dir /home/songwoo/ros2_ws/icra2025/src/hri_falcon_robot_bridge/outputs/analysis/stiffness_profiles --output-dir /home/songwoo/ros2_ws/icra2025/src/hri_falcon_robot_bridge/outputs/models/stiffness_policies/loto_cv_unified/fold_13_20251117_064417_synced --stride 1 --sequence-window 1 --seed 0 --gmm-components 3 --gmm-covariance diag --gmm-samples 16 --bc-epochs 50 --no-tensorboard

[LOTO-CV 15/15] Evaluating 20251117_064519_synced
  command: /usr/bin/python3 /home/songwoo/ros2_ws/icra2025/src/hri_falcon_robot_bridge/scripts/3_model_learning/run_stiffness_policy_benchmarks.py --eval-demo 20251117_064519_synced --mode unified --models bc --log-dir /home/songwoo/ros2_ws/icra2025/src/hri_falcon_robot_bridge/outputs/logs/success --stiffness-dir /home/songwoo/ros2_ws/icra2025/src/hri_falcon_robot_bridge/outputs/analysis/stiffness_profiles --output-dir /home/songwoo/ros2_ws/icra2025/src/hri_falcon_robot_bridge/outputs/models/stiffness_policies/loto_cv_unified/fold_14_20251117_064519_synced --stride 1 --sequence-window 1 --seed 0 --gmm-components 3 --gmm-covariance diag --gmm-samples 16 --bc-epochs 50 --no-tensorboard

[done] aggregated LOTO-CV summary saved to /home/songwoo/ros2_ws/icra2025/src/hri_falcon_robot_bridge/outputs/models/stiffness_policies/loto_cv_unified/loto_cv_summary.csv

Key metrics (mean ± std):
  bc_rmse                       : 101.4696 ± 29.8509
  bc_mae                        : 77.0040 ± 21.9585
  bc_r2                         : -23.8866 ± 24.8194

[done] LOTO-CV complete. Results in /home/songwoo/ros2_ws/icra2025/src/hri_falcon_robot_bridge/outputs/models/stiffness_policies/loto_cv_unified
